{"level":"error","message":"Failed to connect to database: MongoParseError: option poolsize is not supported","timestamp":"2023-03-24T23:23:12.065Z"}
{"level":"error","message":"Failed to connect to database: MongooseServerSelectionError: Could not connect to any servers in your MongoDB Atlas cluster. One common reason is that you're trying to access the database from an IP that isn't whitelisted. Make sure your current IP address is on your Atlas cluster's IP whitelist: https://docs.atlas.mongodb.com/security-whitelist/","timestamp":"2023-03-24T23:24:08.499Z"}
{"level":"error","message":"Failed to connect to database: MongoParseError: option strictquery is not supported","timestamp":"2023-03-24T23:25:11.377Z"}
{"level":"error","message":"Failed to connect to database: MongoParseError: option strictquery is not supported","timestamp":"2023-03-24T23:25:23.319Z"}
{"level":"error","message":"Failed to connect to database: MongoParseError: option strictquery is not supported","timestamp":"2023-03-24T23:25:58.851Z"}
{"level":"error","message":"Failed to connect to database: MongooseServerSelectionError: Could not connect to any servers in your MongoDB Atlas cluster. One common reason is that you're trying to access the database from an IP that isn't whitelisted. Make sure your current IP address is on your Atlas cluster's IP whitelist: https://docs.atlas.mongodb.com/security-whitelist/","timestamp":"2023-03-24T23:26:48.979Z"}
{"level":"error","message":"Failed to connect to database: MongooseServerSelectionError: Could not connect to any servers in your MongoDB Atlas cluster. One common reason is that you're trying to access the database from an IP that isn't whitelisted. Make sure your current IP address is on your Atlas cluster's IP whitelist: https://docs.atlas.mongodb.com/security-whitelist/","timestamp":"2023-03-24T23:31:17.583Z"}
[error] Failed to connect to database: Error: querySrv ECONNREFUSED _mongodb._tcp.cluster0.akefuac.mongodb.net[33m

[error] Failed to connect to database: Error: querySrv ECONNREFUSED _mongodb._tcp.cluster0.akefuac.mongodb.net[33m

[error] Failed to connect to database: Error: querySrv ECONNREFUSED _mongodb._tcp.cluster0.akefuac.mongodb.net[33m

[error] Failed to connect to database: MongooseServerSelectionError: Could not connect to any servers in your MongoDB Atlas cluster. One common reason is that you're trying to access the database from an IP that isn't whitelisted. Make sure your current IP address is on your Atlas cluster's IP whitelist: https://docs.atlas.mongodb.com/security-whitelist/[33m

[error] ReferenceError: logger is not defined
    at module.exports (C:\station\pn\miniWall\middleware\errHandler.js:33:9)
    at Layer.handle_error (C:\station\pn\miniWall\node_modules\express\lib\router\layer.js:71:5)
    at trim_prefix (C:\station\pn\miniWall\node_modules\express\lib\router\index.js:326:13)
    at C:\station\pn\miniWall\node_modules\express\lib\router\index.js:286:9
    at Function.process_params (C:\station\pn\miniWall\node_modules\express\lib\router\index.js:346:12)
    at Immediate.next (C:\station\pn\miniWall\node_modules\express\lib\router\index.js:280:10)
    at Immediate.<anonymous> (C:\station\pn\miniWall\node_modules\express\lib\router\index.js:646:15)
    at process.processImmediate (node:internal/timers:477:21)[33m

[error] RangeError [ERR_HTTP_INVALID_STATUS_CODE]: Invalid status code: fail
    at new NodeError (node:internal/errors:399:5)
    at ServerResponse.writeHead (node:_http_server:339:11)
    at ServerResponse.writeHead (C:\station\pn\miniWall\node_modules\on-headers\index.js:44:26)
    at ServerResponse._implicitHeader (node:_http_server:330:8)
    at write_ (node:_http_outgoing:907:9)
    at ServerResponse.end (node:_http_outgoing:1015:5)
    at ServerResponse.send (C:\station\pn\miniWall\node_modules\express\lib\response.js:232:10)
    at ServerResponse.json (C:\station\pn\miniWall\node_modules\express\lib\response.js:278:15)
    at module.exports (C:\station\pn\miniWall\middleware\errHandler.js:32:36)
    at Layer.handle_error (C:\station\pn\miniWall\node_modules\express\lib\router\layer.js:71:5)[33m

[error] RangeError [ERR_HTTP_INVALID_STATUS_CODE]: Invalid status code: fail
    at new NodeError (node:internal/errors:399:5)
    at ServerResponse.writeHead (node:_http_server:339:11)
    at ServerResponse.writeHead (C:\station\pn\miniWall\node_modules\on-headers\index.js:44:26)
    at ServerResponse._implicitHeader (node:_http_server:330:8)
    at write_ (node:_http_outgoing:907:9)
    at ServerResponse.end (node:_http_outgoing:1015:5)
    at ServerResponse.send (C:\station\pn\miniWall\node_modules\express\lib\response.js:232:10)
    at ServerResponse.json (C:\station\pn\miniWall\node_modules\express\lib\response.js:278:15)
    at module.exports (C:\station\pn\miniWall\middleware\errHandler.js:32:36)
    at Layer.handle_error (C:\station\pn\miniWall\node_modules\express\lib\router\layer.js:71:5)[33m

[error] RangeError [ERR_HTTP_INVALID_STATUS_CODE]: Invalid status code: fail
    at new NodeError (node:internal/errors:399:5)
    at ServerResponse.writeHead (node:_http_server:339:11)
    at ServerResponse.writeHead (C:\station\pn\miniWall\node_modules\on-headers\index.js:44:26)
    at ServerResponse._implicitHeader (node:_http_server:330:8)
    at write_ (node:_http_outgoing:907:9)
    at ServerResponse.end (node:_http_outgoing:1015:5)
    at ServerResponse.send (C:\station\pn\miniWall\node_modules\express\lib\response.js:232:10)
    at ServerResponse.json (C:\station\pn\miniWall\node_modules\express\lib\response.js:278:15)
    at module.exports (C:\station\pn\miniWall\middleware\errHandler.js:32:36)
    at Layer.handle_error (C:\station\pn\miniWall\node_modules\express\lib\router\layer.js:71:5)[33m

[error] RangeError [ERR_HTTP_INVALID_STATUS_CODE]: Invalid status code: fail
    at new NodeError (node:internal/errors:399:5)
    at ServerResponse.writeHead (node:_http_server:339:11)
    at ServerResponse.writeHead (C:\station\pn\miniWall\node_modules\on-headers\index.js:44:26)
    at ServerResponse._implicitHeader (node:_http_server:330:8)
    at write_ (node:_http_outgoing:907:9)
    at ServerResponse.end (node:_http_outgoing:1015:5)
    at ServerResponse.send (C:\station\pn\miniWall\node_modules\express\lib\response.js:232:10)
    at ServerResponse.json (C:\station\pn\miniWall\node_modules\express\lib\response.js:278:15)
    at module.exports (C:\station\pn\miniWall\middleware\errHandler.js:32:36)
    at Layer.handle_error (C:\station\pn\miniWall\node_modules\express\lib\router\layer.js:71:5)[33m

[error] RangeError [ERR_HTTP_INVALID_STATUS_CODE]: Invalid status code: fail
    at new NodeError (node:internal/errors:399:5)
    at ServerResponse.writeHead (node:_http_server:339:11)
    at ServerResponse.writeHead (C:\station\pn\miniWall\node_modules\on-headers\index.js:44:26)
    at ServerResponse._implicitHeader (node:_http_server:330:8)
    at write_ (node:_http_outgoing:907:9)
    at ServerResponse.end (node:_http_outgoing:1015:5)
    at ServerResponse.send (C:\station\pn\miniWall\node_modules\express\lib\response.js:232:10)
    at ServerResponse.json (C:\station\pn\miniWall\node_modules\express\lib\response.js:278:15)
    at module.exports (C:\station\pn\miniWall\middleware\errHandler.js:33:36)
    at Layer.handle_error (C:\station\pn\miniWall\node_modules\express\lib\router\layer.js:71:5)[33m

[error] RangeError [ERR_HTTP_INVALID_STATUS_CODE]: Invalid status code: fail
    at new NodeError (node:internal/errors:399:5)
    at ServerResponse.writeHead (node:_http_server:339:11)
    at ServerResponse.writeHead (C:\station\pn\miniWall\node_modules\on-headers\index.js:44:26)
    at ServerResponse._implicitHeader (node:_http_server:330:8)
    at write_ (node:_http_outgoing:907:9)
    at ServerResponse.end (node:_http_outgoing:1015:5)
    at ServerResponse.send (C:\station\pn\miniWall\node_modules\express\lib\response.js:232:10)
    at ServerResponse.json (C:\station\pn\miniWall\node_modules\express\lib\response.js:278:15)
    at module.exports (C:\station\pn\miniWall\middleware\errHandler.js:33:36)
    at Layer.handle_error (C:\station\pn\miniWall\node_modules\express\lib\router\layer.js:71:5)[33m

[error] RangeError [ERR_HTTP_INVALID_STATUS_CODE]: Invalid status code: fail
    at new NodeError (node:internal/errors:399:5)
    at ServerResponse.writeHead (node:_http_server:339:11)
    at ServerResponse.writeHead (C:\station\pn\miniWall\node_modules\on-headers\index.js:44:26)
    at ServerResponse._implicitHeader (node:_http_server:330:8)
    at write_ (node:_http_outgoing:907:9)
    at ServerResponse.end (node:_http_outgoing:1015:5)
    at ServerResponse.send (C:\station\pn\miniWall\node_modules\express\lib\response.js:232:10)
    at ServerResponse.json (C:\station\pn\miniWall\node_modules\express\lib\response.js:278:15)
    at module.exports (C:\station\pn\miniWall\middleware\errHandler.js:33:36)
    at Layer.handle_error (C:\station\pn\miniWall\node_modules\express\lib\router\layer.js:71:5)[33m

[error] RangeError [ERR_HTTP_INVALID_STATUS_CODE]: Invalid status code: fail
    at new NodeError (node:internal/errors:399:5)
    at ServerResponse.writeHead (node:_http_server:339:11)
    at ServerResponse.writeHead (C:\station\pn\miniWall\node_modules\on-headers\index.js:44:26)
    at ServerResponse._implicitHeader (node:_http_server:330:8)
    at write_ (node:_http_outgoing:907:9)
    at ServerResponse.end (node:_http_outgoing:1015:5)
    at ServerResponse.send (C:\station\pn\miniWall\node_modules\express\lib\response.js:232:10)
    at ServerResponse.json (C:\station\pn\miniWall\node_modules\express\lib\response.js:278:15)
    at module.exports (C:\station\pn\miniWall\middleware\errHandler.js:33:36)
    at Layer.handle_error (C:\station\pn\miniWall\node_modules\express\lib\router\layer.js:71:5)[33m

[error] RangeError [ERR_HTTP_INVALID_STATUS_CODE]: Invalid status code: fail
    at new NodeError (node:internal/errors:399:5)
    at ServerResponse.writeHead (node:_http_server:339:11)
    at ServerResponse.writeHead (C:\station\pn\miniWall\node_modules\on-headers\index.js:44:26)
    at ServerResponse._implicitHeader (node:_http_server:330:8)
    at write_ (node:_http_outgoing:907:9)
    at ServerResponse.end (node:_http_outgoing:1015:5)
    at ServerResponse.send (C:\station\pn\miniWall\node_modules\express\lib\response.js:232:10)
    at ServerResponse.json (C:\station\pn\miniWall\node_modules\express\lib\response.js:278:15)
    at module.exports (C:\station\pn\miniWall\middleware\errHandler.js:34:36)
    at Layer.handle_error (C:\station\pn\miniWall\node_modules\express\lib\router\layer.js:71:5)[33m

[error] ReferenceError: Cannot access 'errors' before initialization
    at module.exports (C:\station\pn\miniWall\middleware\errHandler.js:18:21)
    at Layer.handle_error (C:\station\pn\miniWall\node_modules\express\lib\router\layer.js:71:5)
    at trim_prefix (C:\station\pn\miniWall\node_modules\express\lib\router\index.js:326:13)
    at C:\station\pn\miniWall\node_modules\express\lib\router\index.js:286:9
    at Function.process_params (C:\station\pn\miniWall\node_modules\express\lib\router\index.js:346:12)
    at Immediate.next (C:\station\pn\miniWall\node_modules\express\lib\router\index.js:280:10)
    at Immediate.<anonymous> (C:\station\pn\miniWall\node_modules\express\lib\router\index.js:646:15)
    at process.processImmediate (node:internal/timers:477:21)[33m

[error] RangeError [ERR_HTTP_INVALID_STATUS_CODE]: Invalid status code: undefined
    at new NodeError (node:internal/errors:399:5)
    at ServerResponse.writeHead (node:_http_server:339:11)
    at ServerResponse.writeHead (C:\station\pn\miniWall\node_modules\on-headers\index.js:44:26)
    at ServerResponse._implicitHeader (node:_http_server:330:8)
    at write_ (node:_http_outgoing:907:9)
    at ServerResponse.end (node:_http_outgoing:1015:5)
    at ServerResponse.send (C:\station\pn\miniWall\node_modules\express\lib\response.js:232:10)
    at ServerResponse.json (C:\station\pn\miniWall\node_modules\express\lib\response.js:278:15)
    at module.exports (C:\station\pn\miniWall\middleware\errHandler.js:40:36)
    at Layer.handle_error (C:\station\pn\miniWall\node_modules\express\lib\router\layer.js:71:5)[33m

[error] RangeError [ERR_HTTP_INVALID_STATUS_CODE]: Invalid status code: undefined
    at new NodeError (node:internal/errors:399:5)
    at ServerResponse.writeHead (node:_http_server:339:11)
    at ServerResponse.writeHead (C:\station\pn\miniWall\node_modules\on-headers\index.js:44:26)
    at ServerResponse._implicitHeader (node:_http_server:330:8)
    at write_ (node:_http_outgoing:907:9)
    at ServerResponse.end (node:_http_outgoing:1015:5)
    at ServerResponse.send (C:\station\pn\miniWall\node_modules\express\lib\response.js:232:10)
    at ServerResponse.json (C:\station\pn\miniWall\node_modules\express\lib\response.js:278:15)
    at module.exports (C:\station\pn\miniWall\middleware\errHandler.js:40:36)
    at Layer.handle_error (C:\station\pn\miniWall\node_modules\express\lib\router\layer.js:71:5)[33m

[error] RangeError [ERR_HTTP_INVALID_STATUS_CODE]: Invalid status code: undefined
    at new NodeError (node:internal/errors:399:5)
    at ServerResponse.writeHead (node:_http_server:339:11)
    at ServerResponse.writeHead (C:\station\pn\miniWall\node_modules\on-headers\index.js:44:26)
    at ServerResponse._implicitHeader (node:_http_server:330:8)
    at write_ (node:_http_outgoing:907:9)
    at ServerResponse.end (node:_http_outgoing:1015:5)
    at ServerResponse.send (C:\station\pn\miniWall\node_modules\express\lib\response.js:232:10)
    at ServerResponse.json (C:\station\pn\miniWall\node_modules\express\lib\response.js:278:15)
    at module.exports (C:\station\pn\miniWall\middleware\errHandler.js:40:36)
    at Layer.handle_error (C:\station\pn\miniWall\node_modules\express\lib\router\layer.js:71:5)[33m

[error] RangeError [ERR_HTTP_INVALID_STATUS_CODE]: Invalid status code: undefined
    at new NodeError (node:internal/errors:399:5)
    at ServerResponse.writeHead (node:_http_server:339:11)
    at ServerResponse.writeHead (C:\station\pn\miniWall\node_modules\on-headers\index.js:44:26)
    at ServerResponse._implicitHeader (node:_http_server:330:8)
    at write_ (node:_http_outgoing:907:9)
    at ServerResponse.end (node:_http_outgoing:1015:5)
    at ServerResponse.send (C:\station\pn\miniWall\node_modules\express\lib\response.js:232:10)
    at ServerResponse.json (C:\station\pn\miniWall\node_modules\express\lib\response.js:278:15)
    at module.exports (C:\station\pn\miniWall\middleware\errHandler.js:38:36)
    at Layer.handle_error (C:\station\pn\miniWall\node_modules\express\lib\router\layer.js:71:5)[33m

[error] RangeError [ERR_HTTP_INVALID_STATUS_CODE]: Invalid status code: undefined
    at new NodeError (node:internal/errors:399:5)
    at ServerResponse.writeHead (node:_http_server:339:11)
    at ServerResponse.writeHead (C:\station\pn\miniWall\node_modules\on-headers\index.js:44:26)
    at ServerResponse._implicitHeader (node:_http_server:330:8)
    at write_ (node:_http_outgoing:907:9)
    at ServerResponse.end (node:_http_outgoing:1015:5)
    at ServerResponse.send (C:\station\pn\miniWall\node_modules\express\lib\response.js:232:10)
    at ServerResponse.json (C:\station\pn\miniWall\node_modules\express\lib\response.js:278:15)
    at module.exports (C:\station\pn\miniWall\middleware\errHandler.js:37:36)
    at Layer.handle_error (C:\station\pn\miniWall\node_modules\express\lib\router\layer.js:71:5)[33m

[error] Failed to connect to database: MongooseServerSelectionError: connect ECONNREFUSED ::1:27017[33m

[error] Failed to connect to database: MongooseServerSelectionError: connect ECONNREFUSED ::1:27017[33m

[error] Failed to connect to database: MongooseServerSelectionError: connect ECONNREFUSED ::1:27017[33m

[error] Failed to connect to database: MongooseServerSelectionError: connect ECONNREFUSED ::1:27017[33m

[error] Failed to connect to database: MongooseServerSelectionError: connect ECONNREFUSED ::1:27017[33m

[error] Failed to connect to database: MongooseServerSelectionError: connect ECONNREFUSED ::1:27017[33m

[error] Failed to connect to database: MongoParseError: mongodb+srv URI cannot have port number[33m

[error] Failed to connect to database: MongoServerError: bad auth : Authentication failed.[33m

[error] Failed to connect to database: MongooseServerSelectionError: connect ECONNREFUSED ::1:27017[33m

[error] Failed to connect to database: MongooseServerSelectionError: connect ECONNREFUSED ::1:27017[33m

[error] Failed to connect to database: MongoParseError: option usecreateindex is not supported[33m

[error] Failed to connect to database: MongooseServerSelectionError: connect ECONNREFUSED ::1:27017[33m

[error] RangeError [ERR_HTTP_INVALID_STATUS_CODE]: Invalid status code: undefined
    at new NodeError (node:internal/errors:399:5)
    at ServerResponse.writeHead (node:_http_server:339:11)
    at ServerResponse.writeHead (C:\station\pn\miniWall\node_modules\on-headers\index.js:44:26)
    at ServerResponse._implicitHeader (node:_http_server:330:8)
    at write_ (node:_http_outgoing:907:9)
    at ServerResponse.end (node:_http_outgoing:1015:5)
    at ServerResponse.send (C:\station\pn\miniWall\node_modules\express\lib\response.js:232:10)
    at ServerResponse.json (C:\station\pn\miniWall\node_modules\express\lib\response.js:278:15)
    at module.exports (C:\station\pn\miniWall\middleware\errHandler.js:35:36)
    at Layer.handle_error (C:\station\pn\miniWall\node_modules\express\lib\router\layer.js:71:5)[33m

[error] RangeError [ERR_HTTP_INVALID_STATUS_CODE]: Invalid status code: undefined
    at new NodeError (node:internal/errors:399:5)
    at ServerResponse.writeHead (node:_http_server:339:11)
    at ServerResponse.writeHead (C:\station\pn\miniWall\node_modules\on-headers\index.js:44:26)
    at ServerResponse._implicitHeader (node:_http_server:330:8)
    at write_ (node:_http_outgoing:907:9)
    at ServerResponse.end (node:_http_outgoing:1015:5)
    at ServerResponse.send (C:\station\pn\miniWall\node_modules\express\lib\response.js:232:10)
    at ServerResponse.json (C:\station\pn\miniWall\node_modules\express\lib\response.js:278:15)
    at module.exports (C:\station\pn\miniWall\middleware\errHandler.js:35:36)
    at Layer.handle_error (C:\station\pn\miniWall\node_modules\express\lib\router\layer.js:71:5)[33m

[error] RangeError [ERR_HTTP_INVALID_STATUS_CODE]: Invalid status code: undefined
    at new NodeError (node:internal/errors:399:5)
    at ServerResponse.writeHead (node:_http_server:339:11)
    at ServerResponse.writeHead (C:\station\pn\miniWall\node_modules\on-headers\index.js:44:26)
    at ServerResponse._implicitHeader (node:_http_server:330:8)
    at write_ (node:_http_outgoing:907:9)
    at ServerResponse.end (node:_http_outgoing:1015:5)
    at ServerResponse.send (C:\station\pn\miniWall\node_modules\express\lib\response.js:232:10)
    at ServerResponse.json (C:\station\pn\miniWall\node_modules\express\lib\response.js:278:15)
    at module.exports (C:\station\pn\miniWall\middleware\errHandler.js:35:36)
    at Layer.handle_error (C:\station\pn\miniWall\node_modules\express\lib\router\layer.js:71:5)[33m

[error] RangeError [ERR_HTTP_INVALID_STATUS_CODE]: Invalid status code: undefined
    at new NodeError (node:internal/errors:399:5)
    at ServerResponse.writeHead (node:_http_server:339:11)
    at ServerResponse.writeHead (C:\station\pn\miniWall\node_modules\on-headers\index.js:44:26)
    at ServerResponse._implicitHeader (node:_http_server:330:8)
    at write_ (node:_http_outgoing:907:9)
    at ServerResponse.end (node:_http_outgoing:1015:5)
    at ServerResponse.send (C:\station\pn\miniWall\node_modules\express\lib\response.js:232:10)
    at ServerResponse.json (C:\station\pn\miniWall\node_modules\express\lib\response.js:278:15)
    at module.exports (C:\station\pn\miniWall\middleware\errHandler.js:35:36)
    at Layer.handle_error (C:\station\pn\miniWall\node_modules\express\lib\router\layer.js:71:5)[33m

[error] RangeError [ERR_HTTP_INVALID_STATUS_CODE]: Invalid status code: undefined
    at new NodeError (node:internal/errors:399:5)
    at ServerResponse.writeHead (node:_http_server:339:11)
    at ServerResponse.writeHead (C:\station\pn\miniWall\node_modules\on-headers\index.js:44:26)
    at ServerResponse._implicitHeader (node:_http_server:330:8)
    at write_ (node:_http_outgoing:907:9)
    at ServerResponse.end (node:_http_outgoing:1015:5)
    at ServerResponse.send (C:\station\pn\miniWall\node_modules\express\lib\response.js:232:10)
    at ServerResponse.json (C:\station\pn\miniWall\node_modules\express\lib\response.js:278:15)
    at module.exports (C:\station\pn\miniWall\middleware\errHandler.js:35:36)
    at Layer.handle_error (C:\station\pn\miniWall\node_modules\express\lib\router\layer.js:71:5)[33m

[error] Failed to connect to database: Error: querySrv ETIMEOUT _mongodb._tcp.cluster0.akefuac.mongodb.net[33m

[error] SyntaxError: Expected ',' or '}' after property value in JSON at position 122
    at JSON.parse (<anonymous>)
    at parse (C:\station\pn\miniWall\node_modules\body-parser\lib\types\json.js:89:19)
    at C:\station\pn\miniWall\node_modules\body-parser\lib\read.js:128:18
    at AsyncResource.runInAsyncScope (node:async_hooks:204:9)
    at invokeCallback (C:\station\pn\miniWall\node_modules\raw-body\index.js:231:16)
    at done (C:\station\pn\miniWall\node_modules\raw-body\index.js:220:7)
    at IncomingMessage.onEnd (C:\station\pn\miniWall\node_modules\raw-body\index.js:280:7)
    at IncomingMessage.emit (node:events:512:28)
    at endReadableNT (node:internal/streams/readable:1359:12)
    at process.processTicksAndRejections (node:internal/process/task_queues:82:21)[33m

[error] SyntaxError: Expected double-quoted property name in JSON at position 32
    at JSON.parse (<anonymous>)
    at parse (C:\station\pn\miniWall\node_modules\body-parser\lib\types\json.js:89:19)
    at C:\station\pn\miniWall\node_modules\body-parser\lib\read.js:128:18
    at AsyncResource.runInAsyncScope (node:async_hooks:204:9)
    at invokeCallback (C:\station\pn\miniWall\node_modules\raw-body\index.js:231:16)
    at done (C:\station\pn\miniWall\node_modules\raw-body\index.js:220:7)
    at IncomingMessage.onEnd (C:\station\pn\miniWall\node_modules\raw-body\index.js:280:7)
    at IncomingMessage.emit (node:events:512:28)
    at endReadableNT (node:internal/streams/readable:1359:12)
    at process.processTicksAndRejections (node:internal/process/task_queues:82:21)[33m

[error] SyntaxError: Expected double-quoted property name in JSON at position 82
    at JSON.parse (<anonymous>)
    at parse (C:\station\pn\miniWall\node_modules\body-parser\lib\types\json.js:89:19)
    at C:\station\pn\miniWall\node_modules\body-parser\lib\read.js:128:18
    at AsyncResource.runInAsyncScope (node:async_hooks:204:9)
    at invokeCallback (C:\station\pn\miniWall\node_modules\raw-body\index.js:231:16)
    at done (C:\station\pn\miniWall\node_modules\raw-body\index.js:220:7)
    at IncomingMessage.onEnd (C:\station\pn\miniWall\node_modules\raw-body\index.js:280:7)
    at IncomingMessage.emit (node:events:512:28)
    at endReadableNT (node:internal/streams/readable:1359:12)
    at process.processTicksAndRejections (node:internal/process/task_queues:82:21)[33m

[error] SyntaxError: Bad control character in string literal in JSON at position 56
    at JSON.parse (<anonymous>)
    at parse (C:\station\pn\miniWall\node_modules\body-parser\lib\types\json.js:89:19)
    at C:\station\pn\miniWall\node_modules\body-parser\lib\read.js:128:18
    at AsyncResource.runInAsyncScope (node:async_hooks:204:9)
    at invokeCallback (C:\station\pn\miniWall\node_modules\raw-body\index.js:231:16)
    at done (C:\station\pn\miniWall\node_modules\raw-body\index.js:220:7)
    at IncomingMessage.onEnd (C:\station\pn\miniWall\node_modules\raw-body\index.js:280:7)
    at IncomingMessage.emit (node:events:512:28)
    at endReadableNT (node:internal/streams/readable:1359:12)
    at process.processTicksAndRejections (node:internal/process/task_queues:82:21)[33m

[error] Failed to connect to database: MongooseServerSelectionError: Could not connect to any servers in your MongoDB Atlas cluster. One common reason is that you're trying to access the database from an IP that isn't whitelisted. Make sure your current IP address is on your Atlas cluster's IP whitelist: https://docs.atlas.mongodb.com/security-whitelist/[33m

[error] Failed to connect to database: Error: querySrv ENOTFOUND _mongodb._tcp.cluster0.akefuac.mongodb.net[33m

[error] Failed to connect to database: MongoParseError: Password contains unescaped characters[33m

